A
A
A
A
A
A
A
A
A
A
A
A
A
A
A
A
A
A
ACCeSS
AD
AD
ADdRESS
ADdrESSEs
AFTER
AGGREgAtE
ALL
ALl
ALlOw
ALso
AN
AND
ANd
ARE
ARE
ARE
ARIThMetIC
ARItHMetiC
ARRAYS
ARRay
ARe
ARe
ARe
ARrayS
ARrays
AS
AS
ASsIgnmENt
AlgOL
AlgOL
All
An
An
AnD
AnD
AnD
AnD
AnD
AnD
AnD
And
And
And
ArE
ArE
ArE
ArIThmetiC
ArRAys
Are
Are
Are
Are
ArithMETiC
ArrAy
ArraYS
As
As
As
As
As
As
As
BE
BE
BE
BE
BItwISE
BLoCKS
BUt
BY
BY
BY
BY
BasIc
Be
Be
Be
Be
Be
Be
Be
BoEHM
BrACes
BuT
BuT
By
By
C
C
C
C
C
CAN
CAN
CAlL
CAllS
CAn
CAnnOT
CAsE
CERTaIN
CERtaIN
COmPIlatiON
COmPaRED
COmPiLAtion
COmpILed
COnTrOL
COnVENtIONALlY
COnVErTing
COnditIOnaL
CaLLED
CaLLs
CaNnOt
Can
ChAraCTEr
ClASs
CoLleCTor
CoMpoUnd
CoNTaiNeD
CoNvERsIOnS
Code
Code
ComPUteR
ComPleX
ConDItIOnal
ConvEntIOnAlLy
CurlY
DATa
DAtA
DAtA
DAta
DEFIned
DEfIned
DIStiNcT
DIsTInGuIsHed
DO
DaTA
DaTa
DeFiNITioN
DeLEGateD
DeLegatED
DefINeD
DefinITION
DistiNCT
Do
Does
ELSE
ENFOrCED
EXAmPLe
EXEcutAbLe
EXPlICitLy
Eg
Eg
Else
EmBEDded
EmBedded
EnUMErateD
EnUm
EnuMErAtED
ExAmPLe
ExHIbitS
ExteRnal
Extern
FEATuRES
FIlES
FOLLOWInG
FOLLoWINg
FOR
FOUnd
FOr
FOrm
FOrmAT
FREeLy
FUNCTIOns
FUNCTiON
FUNCTiON
FUNcTiON
FUnCtIOn
FUncTIoN
FUncTion
FeaturES
FiXed
File
FirsT
FloW
FoR
FoR
FoR
FoRM
For
Free
FuNCTIOn
FuNCTIonAL
FuNCTioNs
FuNCtIoNalItY
FuNcTiONS
FulL
FunCtIonALITy
FuncTIonS
FunctIONs
FunctIoNS
Functions
GARbaGE
GENeRaTed
GarBaGe
GarbaGE
HAS
HAS
HEterOgeNEOUs
HaS
Has
IE
IE
IF
IMpLiCIT
IN
IN
IN
IN
INClUsIOn
INDIcAte
INDexING
INDexIng
INTeGERs
INclUdE
INclusIon
INdicate
IO
IS
IS
IS
IS
IS
IS
IS
IS
IS
IS
IS
IT
IT
ITSELF
If
ImPLeMentED
ImPleMented
ImpleMENtED
ImplicIT
In
In
In
In
In
In
InCLude
InsTEAd
InterCOnveRTIBLE
Is
Is
Is
Is
Is
It
Item
KEYWorD
KEyWoRd
KEyWordS
KInD
KeYwoRdS
KiND
LANGUAGeS
LANguage
LIBrArY
LInked
LaNguAgES
LargE
Large
Last
Last
LeVeL
LeXIcal
LiBraRY
Low
MAThEMaTICaL
MAcHINe
MOduLARItY
MOrE
MeMOrY
MemORy
MoDulAriTY
More
NO
NOT
NOTaTion
NOt
NOt
NUmBeR
NeEded
NeEds
NoT
NoT
Not
Not
Not
NuMbeR
NulL
Null
NumbER
OBjEcT
OBjeCT
OF
OF
OF
OFteN
ONly
OPeRatORs
OR
OTHeR
OVER
OVerlAPPinG
ObJECts
ObJeCts
Of
Of
Of
Of
Of
Of
On
One
OpeRAtoRs
Or
Or
OrieNTAtiON
PASsED
PAsS
PAsSED
PAsSEd
PERMit
POInTeRS
POiNter
POinTers
POsSIblE
POsSible
PREpROceSsOr
PRePRocesSor
PRogram
PaRAMeteRS
PaSsiNg
PasS
PeRMIT
PerFormed
PoInteRs
PoSSibLE
PoinTers
PolYMORPHISm
PosSiBLE
PrIMitIVes
PrOCEDUrES
PrOGRAMMing
PrOgRAM
ProcEDURaL
REtUrn
REtuRNing
RUN
ReCURSiON
ReTurn
RelAtIVELY
SCoPe
SCope
SPeCIaL
SQuaRE
STATeMenTS
STAtIc
STAtIc
STRAigHTFoRWARD
STatEMenTs
STatIC
STriNgS
STrucT
STructS
SUCh
SYnTACTIcALLy
SeCONdaRY
SeT
SemiColOn
SiGIL
SiNGlE
SoURcE
SourCe
SpecIaL
StATeMent
StaTIC
SuCH
Such
SuitABLE
SupPOrTeD
SwITCh
SwITcH
SySTEMS
SySTeMS
TERms
THAN
THE
THE
THE
THE
THERE
THEY
THEy
THING
THe
THe
THe
THere
THesE
THrOuGh
TIME
TImE
TO
TO
TO
TO
TO
TRAdition
TYPeS
TYpEs
TYpe
TYpes
TeXT
TeXT
TerMInated
ThE
ThE
ThE
ThE
ThE
ThESe
ThEY
ThOuGH
The
The
The
The
The
To
To
To
To
To
TogeTheR
TraDItion
TyPE
TyPEs
TyPe
TypE
TypE
TypEs
Type
UNIoN
UNLiKE
UNtYPED
USE
USE
USER
USEr
USeR
UnDeRLYINg
UnION
UnLIKe
UsE
UsiNg
VALUEs
VALid
VARiablEs
VAlID
VAlUes
VISible
VIa
VOID
ValUES
WHICH
WHILE
WHiLe
WITH
WITH
WITH
WITh
WITh
WItH
WItH
WhEN
WhIlE
While
WiTH
WiTh
WitH
Within
a
a
a
a
a
a
a
a
a
a
a
a
a
a
a
a
aCCESsed
aDdreSS
aFTeR
aGGregATE
aLL
aLLOCaTed
aLLOW
aLSo
aLSo
aLSo
aLthougH
aN
aND
aND
aND
aND
aND
aND
aNY
aNY
aNd
aNd
aNd
aNd
aNd
aNd
aNd
aRE
aRE
aRRaYS
aRRay
aRe
aRe
aRe
aRe
aRe
aRrAYS
aRrayS
aS
aSSignEd
aSsIgnEd
aTTRiBUtes
aTtRibuTEs
acCESsed
acCesS
adDRESSes
alThouGh
allOCATed
anD
arE
arE
arE
arRAY
arRAy
are
are
are
arrAy
as
as
asSiGnEd
assiGNeD
assiGnmeNt
bASIc
bE
bE
bE
bEInG
bITWISe
bRACkets
bRaCEs
bUT
bUT
bY
bY
be
be
be
be
beINg
blOcks
boEhM
brACKEtS
buiLt
buiLt
but
by
by
c
c
c
c
c
c
c
cALlEd
cHaRaCtERISticS
cHaRacTER
cLAss
cODe
cODe
cOMpILation
cONSIStENTlY
cONTrOl
cONtrOL
cONvERtinG
cOdE
cOlleCtIOn
cOmPARED
cOmpoUNd
cOmpuTeR
cREatINg
cUrLy
caN
caN
caSe
call
can
can
chaRaCteRIsTiCs
coLLEcTOR
coLLeCtiOn
coNsIStentLy
coNtAinEd
coNtROL
coNveRSIONS
codE
comPIlED
comPlex
compILaTION
creATInG
dATa
dAta
dAta
dEFINeD
dEfiNeD
dEfiNed
dEfinITIOn
dOES
daTA
daTa
datA
datA
datA
deFInition
deFiNED
deFiNED
deFined
defInEd
disTInGuiSHeD
eLeMEntS
eNUM
eNfORCEd
eTC
eTC
eXHiBITs
eXPLicitlY
eXTERnAL
eXeCUtabLe
elEmENTS
emUlaTeD
emuLAtED
exterN
fILEs
fIRST
fIRST
fIXed
fIleS
fLoW
fOR
fOR
fOR
fOUND
fOrmat
fRoM
fRom
fUNCTIONs
fUNCTIoN
fUNCTIonS
fUNCtiOns
fUNcTioN
fUlL
fUnCTiOnS
fUnCtION
fUnCtionaL
fiLEs
fiRst
file
foR
frEElY
free
fuNCTIOn
fuNcTIonS
funCTIOn
gLiB
gROUPINg
gaRBage
geNeraTeD
gliB
groupING
hAS
hAs
hAs
hOc
has
has
has
hetErogEneOUs
hoc
iGNORed
iGnorEd
iMPerAtivE
iN
iN
iN
iO
iS
iS
iS
iS
iT
iT
iT
iTEm
iTselF
imPlemenTEd
impErATIVe
in
in
in
in
in
in
in
in
in
inClUding
inTeGErS
incLUDING
insTeAd
interCONVErtIbLE
is
is
is
is
kEyWOrdS
keyWORdS
keyWoRd
keyworD
lANGuAge
lAnGUAGE
lAngUaGE
lAnguAge
lExIcAl
lIBRaRIES
lIbraRy
lOGic
lOgIC
laNGuaGE
leveL
liBRarIES
liBrARY
liNKeD
low
mAKEs
mATHemATIcAl
mAY
mAchIne
mAcro
mEMBER
mEMbeRs
mEmber
mEmoRY
mONTH
maNiPULatioN
maY
maY
maY
macrO
makEs
manIPulatIon
may
may
may
may
meMbERS
meMoRY
moNtH
nEedeD
nO
nOt
nOt
nUMber
namEs
namEs
neeDS
noT
noT
noTatiON
not
not
not
not
oBJECt
oBJeCTs
oBjeCt
oBjeCtS
oF
oF
oF
oF
oF
oF
oF
oF
oF
oFTen
oN
oNE
oR
oR
oR
oRIENTATIOn
oTHER
oVER
oVERLapping
of
of
of
of
of
of
onLY
opERATinG
opERatORS
opeRAtORs
operAtiNg
or
or
otHER
otHeR
othER
othEr
pAssiNG
pERFOrmed
pErfoRMs
pLatFOrm
pOINtERS
pOSSIbLe
pOiNtErs
pOintERS
pOlYMORPHisM
pROCeDUrEs
pRimITIVES
pRogRAm
paSsed
paraMeTErs
perfoRMs
platFORm
poSsIBle
poiNtER
poiNtERs
posSiBLE
posSible
prOCeduRal
proGRaMmING
progRaM
rETurN
rEfEreNCe
rEtuRn
rOUtinES
rOutInES
reCUrsion
reFEReNCed
reFeRENcEd
reLATED
reLATIvely
reLAtED
reTuRNiNg
refErEnCe
rouTINEs
rouTiNeS
ruN
sECoNDaRY
sEPARATeLY
sEnse
sEparator
sINGLE
sImuLaTed
sInGlE
sMALL
sO
sOURCE
sOuRCe
sTAtIC
sTRuctS
sTaTemENt
sTatemENt
sToreD
sTored
sTrIng
sTriNG
sTruCTure
sUBROuTiNes
sUBRoUTIneS
sUBRoUTinEs
sUBrOUtines
sYNTaCtICalLy
sYSteM
sYsTemS
scOPe
scope
seNse
sePArateLy
sePaRaTOR
seT
semICOlon
siMULaTEd
siNGLe
sigil
smaLL
so
sqUaRE
stATiC
stRaightfOrwArD
stRuctuRe
statemEnT
strINGS
strUcT
suPpORted
such
suiTabLe
sysTeM
sysTeM
sysTem
sysTemS
tErMInAteD
tHE
tHE
tHE
tHE
tHE
tHE
tHE
tHERe
tHe
tHe
tHe
tHe
tHe
tHe
tHeRE
tHiNG
tHoUgH
tHroUGh
tO
tO
tO
tO
tO
tOgEthEr
tYPE
tYPe
tYpEDEf
tYpinG
terMs
thAN
thE
thE
thE
the
the
the
theY
to
tyPiNG
typEDEF
types
uNTYPEd
uSE
uSE
uSInG
unDERlying
unIt
unit
usE
usInG
useR
usiNG
vALUeS
vALuE
vALuE
varIabLEs
viA
visibLE
voID
wEaKLY
wHICh
wHiCH
wITH
wITh
wIThIn
wItHiN
wIthiN
weakly
whILe
whIcH
when
whilE
wiTH
wiTHin
wiThIN
with