A
A
ALl
AND
ANd
ARcHiTEcTUrES
AT
AlMOST
AmOnG
AnD
ApPLied
B
BEcoME
BElL
BEtwEen
BY
C
C
C
C
C
COdE
COmpILEd
COmplianT
COmputEr
CapAbilITIes
ChaNGes
CoNSIstEntly
CoNstRuCTs
ComputEr
DeSiGned
DeSpITe
DesIgned
DevEloPed
DuRiNg
EncOURAGe
FOr
FOr
GAINEd
HaS
IMpeRaTIvE
ITS
InDEX
InternATiOnaL
It
ItS
LAbs
LEveL
LaNGuagE
LaNgUageS
LanGUage
LevEl
LexicAl
Low
MEAsURe
MEmorY
MOdErN
MaCHINe
MiNImaL
MosT
OF
ORgANiZATion
Of
Of
Of
On
OrigiNAlly
POpUlARitY
PROVIDe
PRoGRAmMinG
PlATforM
PoPUlarItY
PoRtabilitY
ProCedURal
RUnNiNG
ReIMpLEmENting
RiTcHIE
SCOpE
SOurCE
STANDaRdizeD
STRUCtUred
SYsTEMS
SYstem
StATIC
SuPpoRTIng
SyStems
THE
TIObe
TO
ThE
ThE
The
The
To
To
To
To
ToP
TwO
TypE
UNIX
UnIX
UtiLitieS
VARIAbLE
VARietY
WIDE
WITH
WIth
WRiTteN
WaS
WaS
Was
With
With
With
a
a
a
aCcEsS
aLl
aN
aNSI
aNd
aNd
aVAiLAbLE
ansI
bE
be
beeN
by
by
c
c
c
cAn
cOmPilED
cROSs
comPIleRs
consTrUCt
eFFicIENTly
fOR
few
gradUALLY
hAS
haS
iSO
in
in
insTRUCtIoNs
is
it
it
keRNEL
lANGUaGe
lANGuaGes
lANguAgeS
lAnguagE
loW
mAp
mind
oNE
oPERATiNg
oPERAtING
of
opEraTIng
pRoGrAM
pRogRAMMiNg
plAtFormS
prOgrAMmInG
prOgramMiNG
proGRaMmIng
rECUrsiOn
rUnTimE
raNkeD
sINce
sTANDardIzATioN
sUCcESSor
siNCe
stANDARds
suPPoRT
sysTEM
tHAt
tHE
tHE
tHe
tO
tO
tO
tO
thE
thE
uSED
wIDeLy
was
yeARs