A
Affected
An
Be
Because
Been
Begin
By
By
By
C
C
C
Capital
Code
Existing
Extensions
Followed
For
Form
Have
Identifiers
Identifiers
Implementations
Implementations
It
Letter
Most
Not
Not
Of
Only
Previously
Program
Reserved
Should
Since
Some
Source
Standard
Started
Supporting
That
The
The
These
These
To
Underscore
Use
Using
Were
When
With
Would
also
any
are
are
as
be
cannot
convenient
define
do
for
for
for
has
headers
identifiers
keywords
known
language
more
of
other
predefined
programming
purposes
recently
reserved
reserved
standard
synonyms
than
that
the
the
they
those
underscored
used
which
which
words
words
words